2020-09-19 20:07:36 - __main__ -  52 - INFO - start bot vk
2020-09-19 20:07:58 - __main__ -  52 - INFO - start bot vk
2020-09-19 20:08:09 - __main__ -  52 - INFO - start bot vk
2020-09-19 20:08:25 - __main__ -  52 - INFO - start bot vk
2020-09-19 20:08:34 - __main__ -  52 - INFO - start bot vk
2020-09-19 20:09:52 - __main__ -  52 - INFO - start bot vk
2020-09-19 20:10:09 - __main__ -  52 - INFO - start bot vk
2020-09-19 20:10:22 - __main__ -  52 - INFO - start bot vk
2020-09-19 20:10:39 - __main__ -  52 - INFO - start bot vk
2020-09-19 20:12:42 - __main__ -  52 - INFO - start bot vk
2020-09-19 20:13:07 - __main__ -  52 - INFO - start bot vk
2020-09-19 20:14:21 - __main__ -  52 - INFO - start bot vk
2020-09-19 20:14:54 - __main__ -  52 - INFO - start bot vk info
2020-09-19 20:20:57 - __main__ -  52 - INFO - start bot vk info
2020-09-19 20:22:05 - __main__ -  58 - INFO - get event
2020-09-19 20:22:07 - __main__ -  58 - INFO - get event
2020-09-19 20:22:07 - __main__ -  20 - INFO - start get_answer_dialogflow
2020-09-19 20:22:09 - __main__ -  67 - INFO - answer to the question
2020-09-19 20:22:09 - __main__ -  58 - INFO - get event
2020-09-19 20:22:09 - __main__ -  58 - INFO - get event
2020-09-19 20:22:09 - __main__ -  58 - INFO - get event
2020-09-19 20:22:09 - __main__ -  58 - INFO - get event
2020-09-19 20:22:09 - __main__ -  58 - INFO - get event
2020-09-19 20:25:18 - __main__ -  51 - INFO - start bot vk info
2020-09-19 20:25:18 - __main__ -  55 - INFO - get longpoll
2020-09-19 20:25:39 - __main__ -  20 - INFO - start get_answer_dialogflow
2020-09-19 20:25:40 - __main__ -  66 - INFO - answer to the question
2020-09-19 20:26:21 - __main__ -  51 - INFO - start bot vk info
2020-09-19 20:26:21 - __main__ -  55 - INFO - get longpoll
2020-09-19 20:32:57 - vk-logger -  51 - INFO - start bot vk info
2020-09-19 20:32:57 - vk-logger -  55 - INFO - get longpoll
2020-09-20 10:42:39 - vk-logger -  50 - INFO - start bot vk info
2020-09-20 10:42:39 - vk-logger -  54 - INFO - get longpoll
2020-09-20 10:42:59 - vk-logger -  19 - INFO - start get_answer_dialogflow
2020-09-20 10:43:01 - vk-logger -  64 - INFO - answer to the question
